0 info it worked if it ends with ok
1 verbose cli [ '/Users/Soundtemple/.nvm/versions/node/v6.6.0/bin/node',
1 verbose cli   '/Users/Soundtemple/.nvm/versions/node/v6.6.0/bin/npm',
1 verbose cli   'start' ]
2 info using npm@3.10.3
3 info using node@v6.6.0
4 verbose run-script [ 'prestart', 'start', 'poststart' ]
5 info lifecycle webpack-starter@1.0.0~prestart: webpack-starter@1.0.0
6 silly lifecycle webpack-starter@1.0.0~prestart: no script for prestart, continuing
7 info lifecycle webpack-starter@1.0.0~start: webpack-starter@1.0.0
8 verbose lifecycle webpack-starter@1.0.0~start: unsafe-perm in lifecycle true
9 verbose lifecycle webpack-starter@1.0.0~start: PATH: /Users/Soundtemple/.nvm/versions/node/v6.6.0/lib/node_modules/npm/bin/node-gyp-bin:/Users/Soundtemple/wdi/major_projs/allChords/node_modules/.bin:/Users/Soundtemple/.nvm/versions/node/v6.6.0/bin:/Users/Soundtemple/.nvm/versions/node/v6.6.0/bin:/Users/Soundtemple/.rvm/gems/ruby-2.3.1/bin:/Users/Soundtemple/.rvm/gems/ruby-2.3.1@global/bin:/Users/Soundtemple/.rvm/rubies/ruby-2.3.1/bin:/Users/Soundtemple/.rbenv/shims:/usr/local/bin:/usr/bin:/bin:/usr/sbin:/sbin:/Users/Soundtemple/.rvm/bin:/Users/Soundtemple/.rvm/bin:/Applications/Postgres.app/Contents/Versions/latest/bin
10 verbose lifecycle webpack-starter@1.0.0~start: CWD: /Users/Soundtemple/wdi/major_projs/allChords
11 silly lifecycle webpack-starter@1.0.0~start: Args: [ '-c', 'node ./src/App.js' ]
12 silly lifecycle webpack-starter@1.0.0~start: Returned: code: 1  signal: null
13 info lifecycle webpack-starter@1.0.0~start: Failed to exec start script
14 verbose stack Error: webpack-starter@1.0.0 start: `node ./src/App.js`
14 verbose stack Exit status 1
14 verbose stack     at EventEmitter.<anonymous> (/Users/Soundtemple/.nvm/versions/node/v6.6.0/lib/node_modules/npm/lib/utils/lifecycle.js:242:16)
14 verbose stack     at emitTwo (events.js:106:13)
14 verbose stack     at EventEmitter.emit (events.js:191:7)
14 verbose stack     at ChildProcess.<anonymous> (/Users/Soundtemple/.nvm/versions/node/v6.6.0/lib/node_modules/npm/lib/utils/spawn.js:40:14)
14 verbose stack     at emitTwo (events.js:106:13)
14 verbose stack     at ChildProcess.emit (events.js:191:7)
14 verbose stack     at maybeClose (internal/child_process.js:877:16)
14 verbose stack     at Process.ChildProcess._handle.onexit (internal/child_process.js:226:5)
15 verbose pkgid webpack-starter@1.0.0
16 verbose cwd /Users/Soundtemple/wdi/major_projs/allChords
17 error Darwin 15.5.0
18 error argv "/Users/Soundtemple/.nvm/versions/node/v6.6.0/bin/node" "/Users/Soundtemple/.nvm/versions/node/v6.6.0/bin/npm" "start"
19 error node v6.6.0
20 error npm  v3.10.3
21 error code ELIFECYCLE
22 error webpack-starter@1.0.0 start: `node ./src/App.js`
22 error Exit status 1
23 error Failed at the webpack-starter@1.0.0 start script 'node ./src/App.js'.
23 error Make sure you have the latest version of node.js and npm installed.
23 error If you do, this is most likely a problem with the webpack-starter package,
23 error not with npm itself.
23 error Tell the author that this fails on your system:
23 error     node ./src/App.js
23 error You can get information on how to open an issue for this project with:
23 error     npm bugs webpack-starter
23 error Or if that isn't available, you can get their info via:
23 error     npm owner ls webpack-starter
23 error There is likely additional logging output above.
24 verbose exit [ 1, true ]
